<?xml version="1.0" encoding="UTF-8"?>
<!-- Generated by org.testng.reporters.JUnitReportReporter -->
<testsuite hostname="LP-213268337" failures="0" tests="4" name="Bank.TestScript06" time="46.992" errors="0" timestamp="2024-05-23T11:58:37 IST" skipped="0">
  <testcase classname="Bank.TestScript06" name="testCase05" time="12.272"/>
  <testcase classname="Bank.TestScript06" name="testCase05" time="12.679"/>
  <testcase classname="Bank.TestScript06" name="testCase05" time="11.290"/>
  <testcase classname="Bank.TestScript06" name="testCase05" time="10.751"/>
</testsuite> <!-- Bank.TestScript06 -->
