<?xml version="1.0" encoding="UTF-8"?>
<!-- Generated by org.testng.reporters.JUnitReportReporter -->
<testsuite hostname="LP-213268337" failures="0" tests="4" name="Bank.TestScript05" time="42.558" errors="0" timestamp="2024-05-23T12:01:33 IST" skipped="0">
  <testcase classname="Bank.TestScript05" name="testCase05" time="10.873"/>
  <testcase classname="Bank.TestScript05" name="testCase05" time="10.305"/>
  <testcase classname="Bank.TestScript05" name="testCase05" time="10.390"/>
  <testcase classname="Bank.TestScript05" name="testCase05" time="10.990"/>
</testsuite> <!-- Bank.TestScript05 -->
